{"/Users/saqlain-haider/Desktop/desk/Training Codes/training-social-app/app.js":{"path":"/Users/saqlain-haider/Desktop/desk/Training Codes/training-social-app/app.js","statementMap":{"0":{"start":{"line":1,"column":14},"end":{"line":1,"column":32}},"1":{"start":{"line":2,"column":21},"end":{"line":2,"column":40}},"2":{"start":{"line":3,"column":0},"end":{"line":3,"column":27}},"3":{"start":{"line":4,"column":19},"end":{"line":4,"column":41}},"4":{"start":{"line":5,"column":17},"end":{"line":5,"column":43}},"5":{"start":{"line":7,"column":12},"end":{"line":7,"column":21}},"6":{"start":{"line":8,"column":0},"end":{"line":8,"column":24}},"7":{"start":{"line":9,"column":0},"end":{"line":9,"column":52}},"8":{"start":{"line":10,"column":0},"end":{"line":10,"column":27}},"9":{"start":{"line":13,"column":19},"end":{"line":13,"column":43}},"10":{"start":{"line":14,"column":19},"end":{"line":14,"column":43}},"11":{"start":{"line":15,"column":24},"end":{"line":15,"column":53}},"12":{"start":{"line":19,"column":0},"end":{"line":23,"column":1}},"13":{"start":{"line":20,"column":2},"end":{"line":20,"column":31}},"14":{"start":{"line":22,"column":2},"end":{"line":22,"column":26}},"15":{"start":{"line":24,"column":0},"end":{"line":30,"column":3}},"16":{"start":{"line":25,"column":2},"end":{"line":29,"column":3}},"17":{"start":{"line":26,"column":4},"end":{"line":26,"column":23}},"18":{"start":{"line":28,"column":4},"end":{"line":28,"column":54}},"19":{"start":{"line":32,"column":15},"end":{"line":39,"column":2}},"20":{"start":{"line":33,"column":2},"end":{"line":38,"column":3}},"21":{"start":{"line":34,"column":4},"end":{"line":34,"column":28}},"22":{"start":{"line":36,"column":4},"end":{"line":36,"column":64}},"23":{"start":{"line":37,"column":15},"end":{"line":37,"column":27}},"24":{"start":{"line":47,"column":0},"end":{"line":52,"column":3}},"25":{"start":{"line":48,"column":2},"end":{"line":50,"column":73}},"26":{"start":{"line":51,"column":2},"end":{"line":51,"column":9}},"27":{"start":{"line":55,"column":0},"end":{"line":55,"column":29}},"28":{"start":{"line":56,"column":0},"end":{"line":56,"column":29}},"29":{"start":{"line":57,"column":0},"end":{"line":57,"column":39}},"30":{"start":{"line":59,"column":0},"end":{"line":59,"column":28}}},"fnMap":{"0":{"name":"(anonymous_0)","decl":{"start":{"line":24,"column":22},"end":{"line":24,"column":23}},"loc":{"start":{"line":24,"column":31},"end":{"line":30,"column":1}},"line":24},"1":{"name":"(anonymous_1)","decl":{"start":{"line":32,"column":44},"end":{"line":32,"column":45}},"loc":{"start":{"line":32,"column":59},"end":{"line":39,"column":1}},"line":32},"2":{"name":"(anonymous_2)","decl":{"start":{"line":47,"column":13},"end":{"line":47,"column":14}},"loc":{"start":{"line":47,"column":33},"end":{"line":52,"column":1}},"line":47}},"branchMap":{"0":{"loc":{"start":{"line":19,"column":0},"end":{"line":23,"column":1}},"type":"if","locations":[{"start":{"line":19,"column":0},"end":{"line":23,"column":1}},{"start":{"line":19,"column":0},"end":{"line":23,"column":1}}],"line":19},"1":{"loc":{"start":{"line":25,"column":2},"end":{"line":29,"column":3}},"type":"if","locations":[{"start":{"line":25,"column":2},"end":{"line":29,"column":3}},{"start":{"line":25,"column":2},"end":{"line":29,"column":3}}],"line":25},"2":{"loc":{"start":{"line":33,"column":2},"end":{"line":38,"column":3}},"type":"if","locations":[{"start":{"line":33,"column":2},"end":{"line":38,"column":3}},{"start":{"line":33,"column":2},"end":{"line":38,"column":3}}],"line":33}},"s":{"0":1,"1":1,"2":1,"3":1,"4":1,"5":1,"6":1,"7":1,"8":1,"9":1,"10":1,"11":1,"12":1,"13":1,"14":0,"15":1,"16":1,"17":0,"18":1,"19":1,"20":1,"21":0,"22":1,"23":1,"24":1,"25":1,"26":1,"27":1,"28":1,"29":1,"30":1},"f":{"0":1,"1":1,"2":1},"b":{"0":[1,0],"1":[0,1],"2":[0,1]},"_coverageSchema":"1a1c01bbd47fc00a2c39e90264f33305004495a9","hash":"08aed6d8e46e05c2e624c8e857fa09975e1b43c2","contentHash":"cf0c6f156ede4047fcd9586b0f546523fa22835d964463304ef7dc8bf36cfd90"},"/Users/saqlain-haider/Desktop/desk/Training Codes/training-social-app/config/server.js":{"path":"/Users/saqlain-haider/Desktop/desk/Training Codes/training-social-app/config/server.js","statementMap":{"0":{"start":{"line":3,"column":13},"end":{"line":6,"column":1}},"1":{"start":{"line":4,"column":2},"end":{"line":4,"column":36}},"2":{"start":{"line":5,"column":2},"end":{"line":5,"column":12}},"3":{"start":{"line":9,"column":14},"end":{"line":18,"column":1}},"4":{"start":{"line":10,"column":2},"end":{"line":17,"column":3}},"5":{"start":{"line":11,"column":4},"end":{"line":13,"column":5}},"6":{"start":{"line":12,"column":6},"end":{"line":12,"column":51}},"7":{"start":{"line":14,"column":4},"end":{"line":14,"column":14}},"8":{"start":{"line":16,"column":4},"end":{"line":16,"column":23}},"9":{"start":{"line":19,"column":0},"end":{"line":22,"column":2}}},"fnMap":{"0":{"name":"(anonymous_0)","decl":{"start":{"line":3,"column":13},"end":{"line":3,"column":14}},"loc":{"start":{"line":3,"column":25},"end":{"line":6,"column":1}},"line":3},"1":{"name":"(anonymous_1)","decl":{"start":{"line":9,"column":14},"end":{"line":9,"column":15}},"loc":{"start":{"line":9,"column":20},"end":{"line":18,"column":1}},"line":9}},"branchMap":{"0":{"loc":{"start":{"line":11,"column":4},"end":{"line":13,"column":5}},"type":"if","locations":[{"start":{"line":11,"column":4},"end":{"line":13,"column":5}},{"start":{"line":11,"column":4},"end":{"line":13,"column":5}}],"line":11}},"s":{"0":1,"1":1,"2":1,"3":1,"4":7,"5":7,"6":0,"7":7,"8":0,"9":1},"f":{"0":1,"1":7},"b":{"0":[0,7]},"_coverageSchema":"1a1c01bbd47fc00a2c39e90264f33305004495a9","hash":"6bcc8830865bbc673573621560dea1e9db4eaa7b","contentHash":"d5da203229e27616a6cef2bde8efe54cdfda4ea6f38fb81b3ad7b5608a82fa0d"},"/Users/saqlain-haider/Desktop/desk/Training Codes/training-social-app/routes/user.js":{"path":"/Users/saqlain-haider/Desktop/desk/Training Codes/training-social-app/routes/user.js","statementMap":{"0":{"start":{"line":1,"column":16},"end":{"line":1,"column":34}},"1":{"start":{"line":2,"column":15},"end":{"line":2,"column":31}},"2":{"start":{"line":3,"column":13},"end":{"line":3,"column":38}},"3":{"start":{"line":4,"column":23},"end":{"line":4,"column":63}},"4":{"start":{"line":5,"column":23},"end":{"line":5,"column":63}},"5":{"start":{"line":6,"column":26},"end":{"line":6,"column":69}},"6":{"start":{"line":7,"column":18},"end":{"line":7,"column":47}},"7":{"start":{"line":8,"column":0},"end":{"line":12,"column":3}},"8":{"start":{"line":9,"column":2},"end":{"line":9,"column":24}},"9":{"start":{"line":11,"column":2},"end":{"line":11,"column":77}},"10":{"start":{"line":17,"column":0},"end":{"line":17,"column":68}},"11":{"start":{"line":17,"column":34},"end":{"line":17,"column":66}},"12":{"start":{"line":19,"column":0},"end":{"line":19,"column":74}},"13":{"start":{"line":19,"column":37},"end":{"line":19,"column":72}},"14":{"start":{"line":22,"column":0},"end":{"line":24,"column":2}},"15":{"start":{"line":23,"column":2},"end":{"line":23,"column":34}},"16":{"start":{"line":27,"column":0},"end":{"line":29,"column":2}},"17":{"start":{"line":28,"column":2},"end":{"line":28,"column":37}},"18":{"start":{"line":32,"column":0},"end":{"line":34,"column":2}},"19":{"start":{"line":33,"column":2},"end":{"line":33,"column":37}},"20":{"start":{"line":37,"column":0},"end":{"line":39,"column":2}},"21":{"start":{"line":38,"column":2},"end":{"line":38,"column":37}},"22":{"start":{"line":42,"column":0},"end":{"line":44,"column":2}},"23":{"start":{"line":43,"column":2},"end":{"line":43,"column":39}},"24":{"start":{"line":47,"column":0},"end":{"line":47,"column":72}},"25":{"start":{"line":47,"column":36},"end":{"line":47,"column":70}},"26":{"start":{"line":50,"column":0},"end":{"line":50,"column":76}},"27":{"start":{"line":50,"column":38},"end":{"line":50,"column":74}},"28":{"start":{"line":51,"column":0},"end":{"line":51,"column":24}}},"fnMap":{"0":{"name":"(anonymous_0)","decl":{"start":{"line":8,"column":21},"end":{"line":8,"column":22}},"loc":{"start":{"line":8,"column":35},"end":{"line":12,"column":1}},"line":8},"1":{"name":"(anonymous_1)","decl":{"start":{"line":17,"column":20},"end":{"line":17,"column":21}},"loc":{"start":{"line":17,"column":34},"end":{"line":17,"column":66}},"line":17},"2":{"name":"(anonymous_2)","decl":{"start":{"line":19,"column":23},"end":{"line":19,"column":24}},"loc":{"start":{"line":19,"column":37},"end":{"line":19,"column":72}},"line":19},"3":{"name":"(anonymous_3)","decl":{"start":{"line":22,"column":34},"end":{"line":22,"column":35}},"loc":{"start":{"line":23,"column":2},"end":{"line":23,"column":34}},"line":23},"4":{"name":"(anonymous_4)","decl":{"start":{"line":27,"column":34},"end":{"line":27,"column":35}},"loc":{"start":{"line":28,"column":2},"end":{"line":28,"column":37}},"line":28},"5":{"name":"(anonymous_5)","decl":{"start":{"line":32,"column":37},"end":{"line":32,"column":38}},"loc":{"start":{"line":33,"column":2},"end":{"line":33,"column":37}},"line":33},"6":{"name":"(anonymous_6)","decl":{"start":{"line":37,"column":41},"end":{"line":37,"column":42}},"loc":{"start":{"line":38,"column":2},"end":{"line":38,"column":37}},"line":38},"7":{"name":"(anonymous_7)","decl":{"start":{"line":42,"column":43},"end":{"line":42,"column":44}},"loc":{"start":{"line":43,"column":2},"end":{"line":43,"column":39}},"line":43},"8":{"name":"(anonymous_8)","decl":{"start":{"line":47,"column":22},"end":{"line":47,"column":23}},"loc":{"start":{"line":47,"column":36},"end":{"line":47,"column":70}},"line":47},"9":{"name":"(anonymous_9)","decl":{"start":{"line":50,"column":24},"end":{"line":50,"column":25}},"loc":{"start":{"line":50,"column":38},"end":{"line":50,"column":74}},"line":50}},"branchMap":{},"s":{"0":1,"1":1,"2":1,"3":1,"4":1,"5":1,"6":1,"7":1,"8":0,"9":0,"10":1,"11":3,"12":1,"13":19,"14":1,"15":2,"16":1,"17":3,"18":1,"19":2,"20":1,"21":7,"22":1,"23":5,"24":1,"25":16,"26":1,"27":5,"28":1},"f":{"0":0,"1":3,"2":19,"3":2,"4":3,"5":2,"6":7,"7":5,"8":16,"9":5},"b":{},"_coverageSchema":"1a1c01bbd47fc00a2c39e90264f33305004495a9","hash":"147d6fd153286ba01067dea97c2d230f4358397a","contentHash":"a93a861946dbf935582ece3339ca933b976c534c4b7341b9d1159a104170ea52"},"/Users/saqlain-haider/Desktop/desk/Training Codes/training-social-app/models/User.js":{"path":"/Users/saqlain-haider/Desktop/desk/Training Codes/training-social-app/models/User.js","statementMap":{"0":{"start":{"line":1,"column":21},"end":{"line":1,"column":40}},"1":{"start":{"line":3,"column":19},"end":{"line":35,"column":2}},"2":{"start":{"line":36,"column":0},"end":{"line":36,"column":59}}},"fnMap":{},"branchMap":{},"s":{"0":1,"1":1,"2":1},"f":{},"b":{},"_coverageSchema":"1a1c01bbd47fc00a2c39e90264f33305004495a9","hash":"a1afe5fe87b8eaf5c57f04f032031f6f5d61a7b9","contentHash":"b70ca33ed8539e1584ffde595106fc7517480aef4608110e7deaee0d6a4eb312"},"/Users/saqlain-haider/Desktop/desk/Training Codes/training-social-app/controllers/userController.js":{"path":"/Users/saqlain-haider/Desktop/desk/Training Codes/training-social-app/controllers/userController.js","statementMap":{"0":{"start":{"line":1,"column":30},"end":{"line":1,"column":49}},"1":{"start":{"line":2,"column":13},"end":{"line":2,"column":38}},"2":{"start":{"line":3,"column":15},"end":{"line":3,"column":32}},"3":{"start":{"line":4,"column":12},"end":{"line":4,"column":35}},"4":{"start":{"line":5,"column":15},"end":{"line":5,"column":41}},"5":{"start":{"line":8,"column":19},"end":{"line":39,"column":1}},"6":{"start":{"line":9,"column":2},"end":{"line":38,"column":3}},"7":{"start":{"line":10,"column":21},"end":{"line":10,"column":38}},"8":{"start":{"line":11,"column":4},"end":{"line":35,"column":5}},"9":{"start":{"line":13,"column":55},"end":{"line":13,"column":63}},"10":{"start":{"line":14,"column":19},"end":{"line":14,"column":55}},"11":{"start":{"line":16,"column":6},"end":{"line":32,"column":7}},"12":{"start":{"line":17,"column":8},"end":{"line":17,"column":66}},"13":{"start":{"line":20,"column":8},"end":{"line":20,"column":52}},"14":{"start":{"line":21,"column":22},"end":{"line":26,"column":10}},"15":{"start":{"line":27,"column":8},"end":{"line":31,"column":11}},"16":{"start":{"line":28,"column":10},"end":{"line":30,"column":80}},"17":{"start":{"line":34,"column":6},"end":{"line":34,"column":44}},"18":{"start":{"line":37,"column":4},"end":{"line":37,"column":56}},"19":{"start":{"line":42,"column":16},"end":{"line":54,"column":1}},"20":{"start":{"line":43,"column":2},"end":{"line":53,"column":3}},"21":{"start":{"line":44,"column":23},"end":{"line":44,"column":33}},"22":{"start":{"line":45,"column":17},"end":{"line":45,"column":44}},"23":{"start":{"line":46,"column":4},"end":{"line":50,"column":5}},"24":{"start":{"line":47,"column":6},"end":{"line":47,"column":75}},"25":{"start":{"line":49,"column":6},"end":{"line":49,"column":41}},"26":{"start":{"line":52,"column":4},"end":{"line":52,"column":56}},"27":{"start":{"line":57,"column":18},"end":{"line":93,"column":1}},"28":{"start":{"line":58,"column":30},"end":{"line":58,"column":38}},"29":{"start":{"line":60,"column":2},"end":{"line":92,"column":3}},"30":{"start":{"line":61,"column":17},"end":{"line":61,"column":53}},"31":{"start":{"line":62,"column":4},"end":{"line":89,"column":5}},"32":{"start":{"line":63,"column":21},"end":{"line":86,"column":7}},"33":{"start":{"line":67,"column":10},"end":{"line":69,"column":11}},"34":{"start":{"line":68,"column":12},"end":{"line":68,"column":22}},"35":{"start":{"line":70,"column":10},"end":{"line":84,"column":11}},"36":{"start":{"line":71,"column":26},"end":{"line":78,"column":13}},"37":{"start":{"line":79,"column":12},"end":{"line":81,"column":65}},"38":{"start":{"line":83,"column":12},"end":{"line":83,"column":69}},"39":{"start":{"line":88,"column":6},"end":{"line":88,"column":58}},"40":{"start":{"line":91,"column":4},"end":{"line":91,"column":56}},"41":{"start":{"line":96,"column":19},"end":{"line":120,"column":1}},"42":{"start":{"line":97,"column":2},"end":{"line":119,"column":3}},"43":{"start":{"line":98,"column":23},"end":{"line":98,"column":33}},"44":{"start":{"line":99,"column":25},"end":{"line":99,"column":33}},"45":{"start":{"line":100,"column":4},"end":{"line":102,"column":5}},"46":{"start":{"line":101,"column":6},"end":{"line":101,"column":44}},"47":{"start":{"line":103,"column":17},"end":{"line":103,"column":52}},"48":{"start":{"line":104,"column":4},"end":{"line":116,"column":5}},"49":{"start":{"line":106,"column":24},"end":{"line":110,"column":7}},"50":{"start":{"line":111,"column":6},"end":{"line":113,"column":79}},"51":{"start":{"line":115,"column":6},"end":{"line":115,"column":41}},"52":{"start":{"line":118,"column":4},"end":{"line":118,"column":56}},"53":{"start":{"line":122,"column":19},"end":{"line":141,"column":1}},"54":{"start":{"line":123,"column":2},"end":{"line":140,"column":3}},"55":{"start":{"line":124,"column":23},"end":{"line":124,"column":33}},"56":{"start":{"line":125,"column":17},"end":{"line":125,"column":52}},"57":{"start":{"line":126,"column":4},"end":{"line":137,"column":5}},"58":{"start":{"line":128,"column":24},"end":{"line":130,"column":7}},"59":{"start":{"line":131,"column":6},"end":{"line":134,"column":9}},"60":{"start":{"line":136,"column":6},"end":{"line":136,"column":41}},"61":{"start":{"line":139,"column":4},"end":{"line":139,"column":56}},"62":{"start":{"line":144,"column":19},"end":{"line":181,"column":1}},"63":{"start":{"line":145,"column":2},"end":{"line":180,"column":3}},"64":{"start":{"line":146,"column":23},"end":{"line":146,"column":33}},"65":{"start":{"line":147,"column":25},"end":{"line":147,"column":33}},"66":{"start":{"line":148,"column":4},"end":{"line":177,"column":5}},"67":{"start":{"line":149,"column":6},"end":{"line":149,"column":55}},"68":{"start":{"line":151,"column":27},"end":{"line":151,"column":79}},"69":{"start":{"line":152,"column":6},"end":{"line":176,"column":7}},"70":{"start":{"line":154,"column":25},"end":{"line":156,"column":9}},"71":{"start":{"line":157,"column":8},"end":{"line":173,"column":9}},"72":{"start":{"line":159,"column":10},"end":{"line":163,"column":11}},"73":{"start":{"line":160,"column":12},"end":{"line":162,"column":62}},"74":{"start":{"line":164,"column":10},"end":{"line":164,"column":54}},"75":{"start":{"line":165,"column":10},"end":{"line":165,"column":34}},"76":{"start":{"line":166,"column":10},"end":{"line":166,"column":54}},"77":{"start":{"line":167,"column":10},"end":{"line":167,"column":36}},"78":{"start":{"line":168,"column":10},"end":{"line":170,"column":62}},"79":{"start":{"line":172,"column":10},"end":{"line":172,"column":56}},"80":{"start":{"line":175,"column":8},"end":{"line":175,"column":54}},"81":{"start":{"line":179,"column":4},"end":{"line":179,"column":56}},"82":{"start":{"line":184,"column":21},"end":{"line":228,"column":1}},"83":{"start":{"line":185,"column":2},"end":{"line":227,"column":3}},"84":{"start":{"line":186,"column":23},"end":{"line":186,"column":33}},"85":{"start":{"line":187,"column":25},"end":{"line":187,"column":33}},"86":{"start":{"line":188,"column":4},"end":{"line":224,"column":5}},"87":{"start":{"line":189,"column":6},"end":{"line":189,"column":55}},"88":{"start":{"line":191,"column":29},"end":{"line":193,"column":7}},"89":{"start":{"line":194,"column":6},"end":{"line":223,"column":7}},"90":{"start":{"line":196,"column":28},"end":{"line":198,"column":9}},"91":{"start":{"line":199,"column":8},"end":{"line":220,"column":9}},"92":{"start":{"line":201,"column":36},"end":{"line":203,"column":11}},"93":{"start":{"line":204,"column":10},"end":{"line":206,"column":11}},"94":{"start":{"line":205,"column":12},"end":{"line":205,"column":50}},"95":{"start":{"line":208,"column":35},"end":{"line":210,"column":11}},"96":{"start":{"line":211,"column":10},"end":{"line":211,"column":65}},"97":{"start":{"line":212,"column":10},"end":{"line":212,"column":37}},"98":{"start":{"line":213,"column":10},"end":{"line":213,"column":65}},"99":{"start":{"line":214,"column":10},"end":{"line":214,"column":38}},"100":{"start":{"line":215,"column":10},"end":{"line":217,"column":64}},"101":{"start":{"line":219,"column":10},"end":{"line":219,"column":56}},"102":{"start":{"line":222,"column":8},"end":{"line":222,"column":56}},"103":{"start":{"line":226,"column":4},"end":{"line":226,"column":56}},"104":{"start":{"line":229,"column":0},"end":{"line":237,"column":2}}},"fnMap":{"0":{"name":"(anonymous_0)","decl":{"start":{"line":8,"column":19},"end":{"line":8,"column":20}},"loc":{"start":{"line":8,"column":39},"end":{"line":39,"column":1}},"line":8},"1":{"name":"(anonymous_1)","decl":{"start":{"line":27,"column":28},"end":{"line":27,"column":29}},"loc":{"start":{"line":27,"column":38},"end":{"line":31,"column":9}},"line":27},"2":{"name":"(anonymous_2)","decl":{"start":{"line":42,"column":16},"end":{"line":42,"column":17}},"loc":{"start":{"line":42,"column":36},"end":{"line":54,"column":1}},"line":42},"3":{"name":"(anonymous_3)","decl":{"start":{"line":57,"column":18},"end":{"line":57,"column":19}},"loc":{"start":{"line":57,"column":38},"end":{"line":93,"column":1}},"line":57},"4":{"name":"(anonymous_4)","decl":{"start":{"line":66,"column":8},"end":{"line":66,"column":9}},"loc":{"start":{"line":66,"column":31},"end":{"line":85,"column":9}},"line":66},"5":{"name":"(anonymous_5)","decl":{"start":{"line":96,"column":19},"end":{"line":96,"column":20}},"loc":{"start":{"line":96,"column":39},"end":{"line":120,"column":1}},"line":96},"6":{"name":"(anonymous_6)","decl":{"start":{"line":122,"column":19},"end":{"line":122,"column":20}},"loc":{"start":{"line":122,"column":39},"end":{"line":141,"column":1}},"line":122},"7":{"name":"(anonymous_7)","decl":{"start":{"line":144,"column":19},"end":{"line":144,"column":20}},"loc":{"start":{"line":144,"column":39},"end":{"line":181,"column":1}},"line":144},"8":{"name":"(anonymous_8)","decl":{"start":{"line":184,"column":21},"end":{"line":184,"column":22}},"loc":{"start":{"line":184,"column":41},"end":{"line":228,"column":1}},"line":184}},"branchMap":{"0":{"loc":{"start":{"line":11,"column":4},"end":{"line":35,"column":5}},"type":"if","locations":[{"start":{"line":11,"column":4},"end":{"line":35,"column":5}},{"start":{"line":11,"column":4},"end":{"line":35,"column":5}}],"line":11},"1":{"loc":{"start":{"line":16,"column":6},"end":{"line":32,"column":7}},"type":"if","locations":[{"start":{"line":16,"column":6},"end":{"line":32,"column":7}},{"start":{"line":16,"column":6},"end":{"line":32,"column":7}}],"line":16},"2":{"loc":{"start":{"line":46,"column":4},"end":{"line":50,"column":5}},"type":"if","locations":[{"start":{"line":46,"column":4},"end":{"line":50,"column":5}},{"start":{"line":46,"column":4},"end":{"line":50,"column":5}}],"line":46},"3":{"loc":{"start":{"line":62,"column":4},"end":{"line":89,"column":5}},"type":"if","locations":[{"start":{"line":62,"column":4},"end":{"line":89,"column":5}},{"start":{"line":62,"column":4},"end":{"line":89,"column":5}}],"line":62},"4":{"loc":{"start":{"line":67,"column":10},"end":{"line":69,"column":11}},"type":"if","locations":[{"start":{"line":67,"column":10},"end":{"line":69,"column":11}},{"start":{"line":67,"column":10},"end":{"line":69,"column":11}}],"line":67},"5":{"loc":{"start":{"line":70,"column":10},"end":{"line":84,"column":11}},"type":"if","locations":[{"start":{"line":70,"column":10},"end":{"line":84,"column":11}},{"start":{"line":70,"column":10},"end":{"line":84,"column":11}}],"line":70},"6":{"loc":{"start":{"line":100,"column":4},"end":{"line":102,"column":5}},"type":"if","locations":[{"start":{"line":100,"column":4},"end":{"line":102,"column":5}},{"start":{"line":100,"column":4},"end":{"line":102,"column":5}}],"line":100},"7":{"loc":{"start":{"line":104,"column":4},"end":{"line":116,"column":5}},"type":"if","locations":[{"start":{"line":104,"column":4},"end":{"line":116,"column":5}},{"start":{"line":104,"column":4},"end":{"line":116,"column":5}}],"line":104},"8":{"loc":{"start":{"line":126,"column":4},"end":{"line":137,"column":5}},"type":"if","locations":[{"start":{"line":126,"column":4},"end":{"line":137,"column":5}},{"start":{"line":126,"column":4},"end":{"line":137,"column":5}}],"line":126},"9":{"loc":{"start":{"line":148,"column":4},"end":{"line":177,"column":5}},"type":"if","locations":[{"start":{"line":148,"column":4},"end":{"line":177,"column":5}},{"start":{"line":148,"column":4},"end":{"line":177,"column":5}}],"line":148},"10":{"loc":{"start":{"line":148,"column":8},"end":{"line":148,"column":31}},"type":"binary-expr","locations":[{"start":{"line":148,"column":8},"end":{"line":148,"column":15}},{"start":{"line":148,"column":19},"end":{"line":148,"column":31}}],"line":148},"11":{"loc":{"start":{"line":152,"column":6},"end":{"line":176,"column":7}},"type":"if","locations":[{"start":{"line":152,"column":6},"end":{"line":176,"column":7}},{"start":{"line":152,"column":6},"end":{"line":176,"column":7}}],"line":152},"12":{"loc":{"start":{"line":157,"column":8},"end":{"line":173,"column":9}},"type":"if","locations":[{"start":{"line":157,"column":8},"end":{"line":173,"column":9}},{"start":{"line":157,"column":8},"end":{"line":173,"column":9}}],"line":157},"13":{"loc":{"start":{"line":159,"column":10},"end":{"line":163,"column":11}},"type":"if","locations":[{"start":{"line":159,"column":10},"end":{"line":163,"column":11}},{"start":{"line":159,"column":10},"end":{"line":163,"column":11}}],"line":159},"14":{"loc":{"start":{"line":188,"column":4},"end":{"line":224,"column":5}},"type":"if","locations":[{"start":{"line":188,"column":4},"end":{"line":224,"column":5}},{"start":{"line":188,"column":4},"end":{"line":224,"column":5}}],"line":188},"15":{"loc":{"start":{"line":188,"column":8},"end":{"line":188,"column":31}},"type":"binary-expr","locations":[{"start":{"line":188,"column":8},"end":{"line":188,"column":15}},{"start":{"line":188,"column":19},"end":{"line":188,"column":31}}],"line":188},"16":{"loc":{"start":{"line":194,"column":6},"end":{"line":223,"column":7}},"type":"if","locations":[{"start":{"line":194,"column":6},"end":{"line":223,"column":7}},{"start":{"line":194,"column":6},"end":{"line":223,"column":7}}],"line":194},"17":{"loc":{"start":{"line":199,"column":8},"end":{"line":220,"column":9}},"type":"if","locations":[{"start":{"line":199,"column":8},"end":{"line":220,"column":9}},{"start":{"line":199,"column":8},"end":{"line":220,"column":9}}],"line":199},"18":{"loc":{"start":{"line":204,"column":10},"end":{"line":206,"column":11}},"type":"if","locations":[{"start":{"line":204,"column":10},"end":{"line":206,"column":11}},{"start":{"line":204,"column":10},"end":{"line":206,"column":11}}],"line":204}},"s":{"0":1,"1":1,"2":1,"3":1,"4":1,"5":1,"6":19,"7":19,"8":19,"9":18,"10":18,"11":18,"12":1,"13":17,"14":17,"15":17,"16":17,"17":1,"18":1,"19":1,"20":2,"21":2,"22":2,"23":2,"24":1,"25":1,"26":1,"27":1,"28":16,"29":16,"30":16,"31":16,"32":15,"33":15,"34":0,"35":15,"36":14,"37":14,"38":1,"39":1,"40":1,"41":1,"42":3,"43":3,"44":3,"45":3,"46":0,"47":3,"48":3,"49":1,"50":1,"51":2,"52":2,"53":1,"54":2,"55":2,"56":2,"57":2,"58":1,"59":1,"60":1,"61":1,"62":1,"63":7,"64":7,"65":7,"66":7,"67":1,"68":6,"69":6,"70":5,"71":5,"72":4,"73":1,"74":3,"75":3,"76":3,"77":3,"78":3,"79":1,"80":1,"81":3,"82":1,"83":5,"84":5,"85":5,"86":5,"87":1,"88":4,"89":4,"90":3,"91":3,"92":2,"93":2,"94":1,"95":1,"96":1,"97":1,"98":1,"99":1,"100":1,"101":1,"102":1,"103":4,"104":1},"f":{"0":19,"1":17,"2":2,"3":16,"4":15,"5":3,"6":2,"7":7,"8":5},"b":{"0":[18,1],"1":[1,17],"2":[1,1],"3":[15,1],"4":[0,15],"5":[14,1],"6":[0,3],"7":[1,2],"8":[1,1],"9":[1,6],"10":[7,7],"11":[5,1],"12":[4,1],"13":[1,3],"14":[1,4],"15":[5,5],"16":[3,1],"17":[2,1],"18":[1,1]},"_coverageSchema":"1a1c01bbd47fc00a2c39e90264f33305004495a9","hash":"e469ed654fcfb8051a3fb43098ec2da6d5666250","contentHash":"6b22e6d8d3edc3073c5cc7475e650a9d999badae0f7cb562bdeeec78dd6a5052"},"/Users/saqlain-haider/Desktop/desk/Training Codes/training-social-app/controllers/feedController.js":{"path":"/Users/saqlain-haider/Desktop/desk/Training Codes/training-social-app/controllers/feedController.js","statementMap":{"0":{"start":{"line":1,"column":30},"end":{"line":1,"column":49}},"1":{"start":{"line":2,"column":13},"end":{"line":2,"column":38}},"2":{"start":{"line":3,"column":13},"end":{"line":3,"column":38}},"3":{"start":{"line":6,"column":16},"end":{"line":52,"column":1}},"4":{"start":{"line":7,"column":2},"end":{"line":51,"column":3}},"5":{"start":{"line":8,"column":23},"end":{"line":8,"column":31}},"6":{"start":{"line":12,"column":22},"end":{"line":12,"column":47}},"7":{"start":{"line":13,"column":19},"end":{"line":13,"column":50}},"8":{"start":{"line":14,"column":21},"end":{"line":14,"column":49}},"9":{"start":{"line":15,"column":19},"end":{"line":15,"column":38}},"10":{"start":{"line":16,"column":17},"end":{"line":16,"column":52}},"11":{"start":{"line":18,"column":4},"end":{"line":47,"column":5}},"12":{"start":{"line":20,"column":6},"end":{"line":44,"column":7}},"13":{"start":{"line":22,"column":20},"end":{"line":25,"column":26}},"14":{"start":{"line":26,"column":25},"end":{"line":30,"column":18}},"15":{"start":{"line":31,"column":8},"end":{"line":39,"column":11}},"16":{"start":{"line":41,"column":8},"end":{"line":43,"column":10}},"17":{"start":{"line":46,"column":6},"end":{"line":46,"column":40}},"18":{"start":{"line":50,"column":4},"end":{"line":50,"column":56}},"19":{"start":{"line":54,"column":0},"end":{"line":56,"column":2}}},"fnMap":{"0":{"name":"(anonymous_0)","decl":{"start":{"line":6,"column":16},"end":{"line":6,"column":17}},"loc":{"start":{"line":6,"column":36},"end":{"line":52,"column":1}},"line":6}},"branchMap":{"0":{"loc":{"start":{"line":12,"column":22},"end":{"line":12,"column":47}},"type":"binary-expr","locations":[{"start":{"line":12,"column":22},"end":{"line":12,"column":41}},{"start":{"line":12,"column":45},"end":{"line":12,"column":47}}],"line":12},"1":{"loc":{"start":{"line":13,"column":19},"end":{"line":13,"column":50}},"type":"binary-expr","locations":[{"start":{"line":13,"column":19},"end":{"line":13,"column":35}},{"start":{"line":13,"column":39},"end":{"line":13,"column":50}}],"line":13},"2":{"loc":{"start":{"line":14,"column":21},"end":{"line":14,"column":49}},"type":"binary-expr","locations":[{"start":{"line":14,"column":21},"end":{"line":14,"column":43}},{"start":{"line":14,"column":47},"end":{"line":14,"column":49}}],"line":14},"3":{"loc":{"start":{"line":15,"column":19},"end":{"line":15,"column":38}},"type":"binary-expr","locations":[{"start":{"line":15,"column":19},"end":{"line":15,"column":33}},{"start":{"line":15,"column":37},"end":{"line":15,"column":38}}],"line":15},"4":{"loc":{"start":{"line":18,"column":4},"end":{"line":47,"column":5}},"type":"if","locations":[{"start":{"line":18,"column":4},"end":{"line":47,"column":5}},{"start":{"line":18,"column":4},"end":{"line":47,"column":5}}],"line":18},"5":{"loc":{"start":{"line":20,"column":6},"end":{"line":44,"column":7}},"type":"if","locations":[{"start":{"line":20,"column":6},"end":{"line":44,"column":7}},{"start":{"line":20,"column":6},"end":{"line":44,"column":7}}],"line":20}},"s":{"0":1,"1":1,"2":1,"3":1,"4":3,"5":3,"6":3,"7":3,"8":3,"9":3,"10":3,"11":3,"12":2,"13":1,"14":1,"15":1,"16":1,"17":1,"18":2,"19":1},"f":{"0":3},"b":{"0":[3,3],"1":[3,3],"2":[3,3],"3":[3,3],"4":[2,1],"5":[1,1]},"_coverageSchema":"1a1c01bbd47fc00a2c39e90264f33305004495a9","hash":"30f435d134b20a9ef8151c4a7994e859f6921725","contentHash":"72b84ec6223bf51fc2ef2eedb0331a1bce5756809da3f3ccfce6f5d9380f79f4"},"/Users/saqlain-haider/Desktop/desk/Training Codes/training-social-app/models/Post.js":{"path":"/Users/saqlain-haider/Desktop/desk/Training Codes/training-social-app/models/Post.js","statementMap":{"0":{"start":{"line":1,"column":21},"end":{"line":1,"column":40}},"1":{"start":{"line":2,"column":13},"end":{"line":2,"column":30}},"2":{"start":{"line":4,"column":19},"end":{"line":22,"column":2}},"3":{"start":{"line":24,"column":0},"end":{"line":24,"column":59}}},"fnMap":{},"branchMap":{},"s":{"0":1,"1":1,"2":1,"3":1},"f":{},"b":{},"_coverageSchema":"1a1c01bbd47fc00a2c39e90264f33305004495a9","hash":"3c8a6a5c7eebf32067826c6a1bcb6a93ea4f0868","contentHash":"45774eed0c475e0cbae72509a5310b990324ba56f8f932fcd4ffd029192aca61"},"/Users/saqlain-haider/Desktop/desk/Training Codes/training-social-app/controllers/paymentController.js":{"path":"/Users/saqlain-haider/Desktop/desk/Training Codes/training-social-app/controllers/paymentController.js","statementMap":{"0":{"start":{"line":1,"column":21},"end":{"line":1,"column":40}},"1":{"start":{"line":2,"column":44},"end":{"line":2,"column":71}},"2":{"start":{"line":3,"column":13},"end":{"line":3,"column":38}},"3":{"start":{"line":4,"column":17},"end":{"line":70,"column":1}},"4":{"start":{"line":5,"column":2},"end":{"line":69,"column":3}},"5":{"start":{"line":6,"column":17},"end":{"line":6,"column":28}},"6":{"start":{"line":7,"column":23},"end":{"line":7,"column":31}},"7":{"start":{"line":8,"column":4},"end":{"line":65,"column":5}},"8":{"start":{"line":9,"column":17},"end":{"line":9,"column":44}},"9":{"start":{"line":10,"column":6},"end":{"line":62,"column":7}},"10":{"start":{"line":12,"column":8},"end":{"line":59,"column":9}},"11":{"start":{"line":14,"column":10},"end":{"line":17,"column":13}},"12":{"start":{"line":22,"column":27},"end":{"line":25,"column":12}},"13":{"start":{"line":28,"column":29},"end":{"line":36,"column":12}},"14":{"start":{"line":39,"column":23},"end":{"line":41,"column":12}},"15":{"start":{"line":44,"column":10},"end":{"line":50,"column":13}},"16":{"start":{"line":53,"column":10},"end":{"line":53,"column":80}},"17":{"start":{"line":55,"column":10},"end":{"line":58,"column":13}},"18":{"start":{"line":61,"column":8},"end":{"line":61,"column":43}},"19":{"start":{"line":64,"column":6},"end":{"line":64,"column":44}},"20":{"start":{"line":68,"column":4},"end":{"line":68,"column":53}},"21":{"start":{"line":71,"column":0},"end":{"line":71,"column":30}}},"fnMap":{"0":{"name":"(anonymous_0)","decl":{"start":{"line":4,"column":17},"end":{"line":4,"column":18}},"loc":{"start":{"line":4,"column":37},"end":{"line":70,"column":1}},"line":4}},"branchMap":{"0":{"loc":{"start":{"line":8,"column":4},"end":{"line":65,"column":5}},"type":"if","locations":[{"start":{"line":8,"column":4},"end":{"line":65,"column":5}},{"start":{"line":8,"column":4},"end":{"line":65,"column":5}}],"line":8},"1":{"loc":{"start":{"line":10,"column":6},"end":{"line":62,"column":7}},"type":"if","locations":[{"start":{"line":10,"column":6},"end":{"line":62,"column":7}},{"start":{"line":10,"column":6},"end":{"line":62,"column":7}}],"line":10},"2":{"loc":{"start":{"line":12,"column":8},"end":{"line":59,"column":9}},"type":"if","locations":[{"start":{"line":12,"column":8},"end":{"line":59,"column":9}},{"start":{"line":12,"column":8},"end":{"line":59,"column":9}}],"line":12},"3":{"loc":{"start":{"line":30,"column":20},"end":{"line":30,"column":47}},"type":"binary-expr","locations":[{"start":{"line":30,"column":20},"end":{"line":30,"column":37}},{"start":{"line":30,"column":41},"end":{"line":30,"column":47}}],"line":30},"4":{"loc":{"start":{"line":31,"column":22},"end":{"line":31,"column":63}},"type":"binary-expr","locations":[{"start":{"line":31,"column":22},"end":{"line":31,"column":41}},{"start":{"line":31,"column":45},"end":{"line":31,"column":63}}],"line":31},"5":{"loc":{"start":{"line":32,"column":25},"end":{"line":32,"column":50}},"type":"binary-expr","locations":[{"start":{"line":32,"column":25},"end":{"line":32,"column":42}},{"start":{"line":32,"column":46},"end":{"line":32,"column":50}}],"line":32},"6":{"loc":{"start":{"line":33,"column":24},"end":{"line":33,"column":48}},"type":"binary-expr","locations":[{"start":{"line":33,"column":24},"end":{"line":33,"column":40}},{"start":{"line":33,"column":44},"end":{"line":33,"column":48}}],"line":33},"7":{"loc":{"start":{"line":34,"column":19},"end":{"line":34,"column":40}},"type":"binary-expr","locations":[{"start":{"line":34,"column":19},"end":{"line":34,"column":31}},{"start":{"line":34,"column":35},"end":{"line":34,"column":40}}],"line":34}},"s":{"0":1,"1":1,"2":1,"3":1,"4":5,"5":5,"6":5,"7":5,"8":4,"9":4,"10":3,"11":1,"12":2,"13":2,"14":2,"15":2,"16":2,"17":2,"18":1,"19":1,"20":2,"21":1},"f":{"0":5},"b":{"0":[4,1],"1":[3,1],"2":[1,2],"3":[2,2],"4":[2,2],"5":[2,2],"6":[2,2],"7":[2,2]},"_coverageSchema":"1a1c01bbd47fc00a2c39e90264f33305004495a9","hash":"82d5a3831e05ae2200ff1725405ce82f468104ba","contentHash":"40175512eef55468a2d67c4a4989fbb71627e75c8d161f5784660cfcbe0020f8"},"/Users/saqlain-haider/Desktop/desk/Training Codes/training-social-app/config/stripe.js":{"path":"/Users/saqlain-haider/Desktop/desk/Training Codes/training-social-app/config/stripe.js","statementMap":{"0":{"start":{"line":1,"column":24},"end":{"line":1,"column":58}},"1":{"start":{"line":2,"column":19},"end":{"line":2,"column":48}},"2":{"start":{"line":3,"column":15},"end":{"line":3,"column":44}},"3":{"start":{"line":4,"column":29},"end":{"line":4,"column":68}},"4":{"start":{"line":5,"column":18},"end":{"line":7,"column":1}},"5":{"start":{"line":6,"column":2},"end":{"line":6,"column":16}},"6":{"start":{"line":9,"column":0},"end":{"line":9,"column":70}}},"fnMap":{"0":{"name":"(anonymous_0)","decl":{"start":{"line":5,"column":18},"end":{"line":5,"column":19}},"loc":{"start":{"line":5,"column":30},"end":{"line":7,"column":1}},"line":5}},"branchMap":{"0":{"loc":{"start":{"line":4,"column":29},"end":{"line":4,"column":68}},"type":"binary-expr","locations":[{"start":{"line":4,"column":29},"end":{"line":4,"column":60}},{"start":{"line":4,"column":64},"end":{"line":4,"column":68}}],"line":4}},"s":{"0":1,"1":1,"2":1,"3":1,"4":1,"5":5,"6":1},"f":{"0":5},"b":{"0":[1,1]},"_coverageSchema":"1a1c01bbd47fc00a2c39e90264f33305004495a9","hash":"15385078f887aeabbf10efead320f50dc443fb3f","contentHash":"2716fe4adf7db343d2cc56490c1339374954bfd15efc5334288e6361eb2222d8"},"/Users/saqlain-haider/Desktop/desk/Training Codes/training-social-app/middleware/auth.js":{"path":"/Users/saqlain-haider/Desktop/desk/Training Codes/training-social-app/middleware/auth.js","statementMap":{"0":{"start":{"line":1,"column":12},"end":{"line":1,"column":35}},"1":{"start":{"line":6,"column":18},"end":{"line":16,"column":1}},"2":{"start":{"line":7,"column":2},"end":{"line":15,"column":3}},"3":{"start":{"line":8,"column":18},"end":{"line":8,"column":43}},"4":{"start":{"line":9,"column":20},"end":{"line":9,"column":61}},"5":{"start":{"line":10,"column":4},"end":{"line":10,"column":23}},"6":{"start":{"line":11,"column":4},"end":{"line":11,"column":11}},"7":{"start":{"line":13,"column":4},"end":{"line":13,"column":21}},"8":{"start":{"line":14,"column":4},"end":{"line":14,"column":62}},"9":{"start":{"line":18,"column":0},"end":{"line":18,"column":27}}},"fnMap":{"0":{"name":"(anonymous_0)","decl":{"start":{"line":6,"column":18},"end":{"line":6,"column":19}},"loc":{"start":{"line":6,"column":44},"end":{"line":16,"column":1}},"line":6}},"branchMap":{},"s":{"0":1,"1":1,"2":40,"3":40,"4":40,"5":40,"6":40,"7":0,"8":0,"9":1},"f":{"0":40},"b":{},"_coverageSchema":"1a1c01bbd47fc00a2c39e90264f33305004495a9","hash":"fde902a4ceb0b34702759defb64e6b3eb181cc39","contentHash":"6e7482afb4134d169ff7c4b24abdeb19dcdf327f67386c13ce70fd4b10c2d55c"},"/Users/saqlain-haider/Desktop/desk/Training Codes/training-social-app/routes/post.js":{"path":"/Users/saqlain-haider/Desktop/desk/Training Codes/training-social-app/routes/post.js","statementMap":{"0":{"start":{"line":1,"column":16},"end":{"line":1,"column":34}},"1":{"start":{"line":2,"column":15},"end":{"line":2,"column":31}},"2":{"start":{"line":3,"column":13},"end":{"line":3,"column":38}},"3":{"start":{"line":4,"column":23},"end":{"line":4,"column":63}},"4":{"start":{"line":5,"column":18},"end":{"line":5,"column":47}},"5":{"start":{"line":7,"column":0},"end":{"line":9,"column":2}},"6":{"start":{"line":8,"column":2},"end":{"line":8,"column":37}},"7":{"start":{"line":12,"column":0},"end":{"line":14,"column":2}},"8":{"start":{"line":13,"column":2},"end":{"line":13,"column":34}},"9":{"start":{"line":17,"column":0},"end":{"line":19,"column":2}},"10":{"start":{"line":18,"column":2},"end":{"line":18,"column":37}},"11":{"start":{"line":22,"column":0},"end":{"line":24,"column":2}},"12":{"start":{"line":23,"column":2},"end":{"line":23,"column":37}},"13":{"start":{"line":26,"column":0},"end":{"line":26,"column":24}}},"fnMap":{"0":{"name":"(anonymous_0)","decl":{"start":{"line":7,"column":34},"end":{"line":7,"column":35}},"loc":{"start":{"line":8,"column":2},"end":{"line":8,"column":37}},"line":8},"1":{"name":"(anonymous_1)","decl":{"start":{"line":12,"column":34},"end":{"line":12,"column":35}},"loc":{"start":{"line":13,"column":2},"end":{"line":13,"column":34}},"line":13},"2":{"name":"(anonymous_2)","decl":{"start":{"line":17,"column":41},"end":{"line":17,"column":42}},"loc":{"start":{"line":18,"column":2},"end":{"line":18,"column":37}},"line":18},"3":{"name":"(anonymous_3)","decl":{"start":{"line":22,"column":37},"end":{"line":22,"column":38}},"loc":{"start":{"line":23,"column":2},"end":{"line":23,"column":37}},"line":23}},"branchMap":{},"s":{"0":1,"1":1,"2":1,"3":1,"4":1,"5":1,"6":9,"7":1,"8":2,"9":1,"10":3,"11":1,"12":2,"13":1},"f":{"0":9,"1":2,"2":3,"3":2},"b":{},"_coverageSchema":"1a1c01bbd47fc00a2c39e90264f33305004495a9","hash":"0512901372e4bd542d9e7c734808474e6108baea","contentHash":"fba4a3822b9df366f42caef592f6cb0e2a4219efb0e7af67b2edc283a2522a94"},"/Users/saqlain-haider/Desktop/desk/Training Codes/training-social-app/controllers/postController.js":{"path":"/Users/saqlain-haider/Desktop/desk/Training Codes/training-social-app/controllers/postController.js","statementMap":{"0":{"start":{"line":1,"column":30},"end":{"line":1,"column":49}},"1":{"start":{"line":2,"column":13},"end":{"line":2,"column":38}},"2":{"start":{"line":3,"column":13},"end":{"line":3,"column":38}},"3":{"start":{"line":4,"column":18},"end":{"line":4,"column":45}},"4":{"start":{"line":7,"column":19},"end":{"line":38,"column":1}},"5":{"start":{"line":8,"column":2},"end":{"line":37,"column":3}},"6":{"start":{"line":9,"column":25},"end":{"line":9,"column":33}},"7":{"start":{"line":10,"column":23},"end":{"line":10,"column":31}},"8":{"start":{"line":11,"column":4},"end":{"line":34,"column":5}},"9":{"start":{"line":12,"column":17},"end":{"line":12,"column":52}},"10":{"start":{"line":13,"column":6},"end":{"line":31,"column":7}},"11":{"start":{"line":14,"column":8},"end":{"line":14,"column":43}},"12":{"start":{"line":16,"column":39},"end":{"line":16,"column":47}},"13":{"start":{"line":18,"column":21},"end":{"line":22,"column":10}},"14":{"start":{"line":23,"column":8},"end":{"line":30,"column":11}},"15":{"start":{"line":25,"column":10},"end":{"line":25,"column":53}},"16":{"start":{"line":26,"column":10},"end":{"line":29,"column":13}},"17":{"start":{"line":33,"column":6},"end":{"line":33,"column":78}},"18":{"start":{"line":36,"column":4},"end":{"line":36,"column":51}},"19":{"start":{"line":41,"column":16},"end":{"line":63,"column":1}},"20":{"start":{"line":42,"column":2},"end":{"line":62,"column":3}},"21":{"start":{"line":43,"column":23},"end":{"line":43,"column":33}},"22":{"start":{"line":45,"column":15},"end":{"line":45,"column":50}},"23":{"start":{"line":46,"column":4},"end":{"line":59,"column":5}},"24":{"start":{"line":47,"column":25},"end":{"line":47,"column":45}},"25":{"start":{"line":48,"column":24},"end":{"line":48,"column":43}},"26":{"start":{"line":50,"column":20},"end":{"line":52,"column":24}},"27":{"start":{"line":53,"column":6},"end":{"line":56,"column":9}},"28":{"start":{"line":58,"column":6},"end":{"line":58,"column":40}},"29":{"start":{"line":61,"column":4},"end":{"line":61,"column":51}},"30":{"start":{"line":66,"column":19},"end":{"line":91,"column":1}},"31":{"start":{"line":67,"column":2},"end":{"line":90,"column":3}},"32":{"start":{"line":68,"column":23},"end":{"line":68,"column":33}},"33":{"start":{"line":69,"column":25},"end":{"line":69,"column":33}},"34":{"start":{"line":71,"column":4},"end":{"line":73,"column":5}},"35":{"start":{"line":72,"column":6},"end":{"line":72,"column":56}},"36":{"start":{"line":74,"column":17},"end":{"line":74,"column":52}},"37":{"start":{"line":75,"column":4},"end":{"line":87,"column":5}},"38":{"start":{"line":77,"column":24},"end":{"line":81,"column":7}},"39":{"start":{"line":82,"column":6},"end":{"line":84,"column":79}},"40":{"start":{"line":86,"column":6},"end":{"line":86,"column":41}},"41":{"start":{"line":89,"column":4},"end":{"line":89,"column":56}},"42":{"start":{"line":94,"column":19},"end":{"line":113,"column":1}},"43":{"start":{"line":95,"column":2},"end":{"line":112,"column":3}},"44":{"start":{"line":96,"column":23},"end":{"line":96,"column":33}},"45":{"start":{"line":97,"column":17},"end":{"line":97,"column":52}},"46":{"start":{"line":98,"column":4},"end":{"line":109,"column":5}},"47":{"start":{"line":100,"column":24},"end":{"line":102,"column":7}},"48":{"start":{"line":103,"column":6},"end":{"line":106,"column":9}},"49":{"start":{"line":108,"column":6},"end":{"line":108,"column":41}},"50":{"start":{"line":111,"column":4},"end":{"line":111,"column":56}},"51":{"start":{"line":116,"column":0},"end":{"line":121,"column":2}}},"fnMap":{"0":{"name":"(anonymous_0)","decl":{"start":{"line":7,"column":19},"end":{"line":7,"column":20}},"loc":{"start":{"line":7,"column":39},"end":{"line":38,"column":1}},"line":7},"1":{"name":"(anonymous_1)","decl":{"start":{"line":23,"column":25},"end":{"line":23,"column":26}},"loc":{"start":{"line":23,"column":37},"end":{"line":30,"column":9}},"line":23},"2":{"name":"(anonymous_2)","decl":{"start":{"line":41,"column":16},"end":{"line":41,"column":17}},"loc":{"start":{"line":41,"column":36},"end":{"line":63,"column":1}},"line":41},"3":{"name":"(anonymous_3)","decl":{"start":{"line":66,"column":19},"end":{"line":66,"column":20}},"loc":{"start":{"line":66,"column":39},"end":{"line":91,"column":1}},"line":66},"4":{"name":"(anonymous_4)","decl":{"start":{"line":94,"column":19},"end":{"line":94,"column":20}},"loc":{"start":{"line":94,"column":39},"end":{"line":113,"column":1}},"line":94}},"branchMap":{"0":{"loc":{"start":{"line":11,"column":4},"end":{"line":34,"column":5}},"type":"if","locations":[{"start":{"line":11,"column":4},"end":{"line":34,"column":5}},{"start":{"line":11,"column":4},"end":{"line":34,"column":5}}],"line":11},"1":{"loc":{"start":{"line":11,"column":8},"end":{"line":11,"column":26}},"type":"binary-expr","locations":[{"start":{"line":11,"column":8},"end":{"line":11,"column":16}},{"start":{"line":11,"column":20},"end":{"line":11,"column":26}}],"line":11},"2":{"loc":{"start":{"line":13,"column":6},"end":{"line":31,"column":7}},"type":"if","locations":[{"start":{"line":13,"column":6},"end":{"line":31,"column":7}},{"start":{"line":13,"column":6},"end":{"line":31,"column":7}}],"line":13},"3":{"loc":{"start":{"line":46,"column":4},"end":{"line":59,"column":5}},"type":"if","locations":[{"start":{"line":46,"column":4},"end":{"line":59,"column":5}},{"start":{"line":46,"column":4},"end":{"line":59,"column":5}}],"line":46},"4":{"loc":{"start":{"line":47,"column":25},"end":{"line":47,"column":45}},"type":"binary-expr","locations":[{"start":{"line":47,"column":25},"end":{"line":47,"column":40}},{"start":{"line":47,"column":44},"end":{"line":47,"column":45}}],"line":47},"5":{"loc":{"start":{"line":48,"column":24},"end":{"line":48,"column":43}},"type":"binary-expr","locations":[{"start":{"line":48,"column":24},"end":{"line":48,"column":38}},{"start":{"line":48,"column":42},"end":{"line":48,"column":43}}],"line":48},"6":{"loc":{"start":{"line":71,"column":4},"end":{"line":73,"column":5}},"type":"if","locations":[{"start":{"line":71,"column":4},"end":{"line":73,"column":5}},{"start":{"line":71,"column":4},"end":{"line":73,"column":5}}],"line":71},"7":{"loc":{"start":{"line":71,"column":8},"end":{"line":71,"column":28}},"type":"binary-expr","locations":[{"start":{"line":71,"column":8},"end":{"line":71,"column":17}},{"start":{"line":71,"column":21},"end":{"line":71,"column":28}}],"line":71},"8":{"loc":{"start":{"line":75,"column":4},"end":{"line":87,"column":5}},"type":"if","locations":[{"start":{"line":75,"column":4},"end":{"line":87,"column":5}},{"start":{"line":75,"column":4},"end":{"line":87,"column":5}}],"line":75},"9":{"loc":{"start":{"line":98,"column":4},"end":{"line":109,"column":5}},"type":"if","locations":[{"start":{"line":98,"column":4},"end":{"line":109,"column":5}},{"start":{"line":98,"column":4},"end":{"line":109,"column":5}}],"line":98}},"s":{"0":1,"1":1,"2":1,"3":1,"4":1,"5":9,"6":9,"7":9,"8":9,"9":8,"10":8,"11":1,"12":7,"13":7,"14":7,"15":7,"16":7,"17":1,"18":2,"19":1,"20":2,"21":2,"22":2,"23":2,"24":1,"25":1,"26":1,"27":1,"28":1,"29":1,"30":1,"31":3,"32":3,"33":3,"34":3,"35":1,"36":2,"37":2,"38":1,"39":1,"40":1,"41":2,"42":1,"43":2,"44":2,"45":2,"46":2,"47":1,"48":1,"49":1,"50":1,"51":1},"f":{"0":9,"1":7,"2":2,"3":3,"4":2},"b":{"0":[8,1],"1":[9,8],"2":[1,7],"3":[1,1],"4":[1,1],"5":[1,1],"6":[1,2],"7":[3,2],"8":[1,1],"9":[1,1]},"_coverageSchema":"1a1c01bbd47fc00a2c39e90264f33305004495a9","hash":"af2af34a1c802d5081f72c5bce690399c510d003","contentHash":"b0eea5030a73a79f02853fa27a9206af2748988491bdbd42e0ab1f447d213aeb"},"/Users/saqlain-haider/Desktop/desk/Training Codes/training-social-app/routes/moderator.js":{"path":"/Users/saqlain-haider/Desktop/desk/Training Codes/training-social-app/routes/moderator.js","statementMap":{"0":{"start":{"line":1,"column":16},"end":{"line":1,"column":34}},"1":{"start":{"line":2,"column":15},"end":{"line":2,"column":31}},"2":{"start":{"line":3,"column":18},"end":{"line":3,"column":47}},"3":{"start":{"line":4,"column":28},"end":{"line":4,"column":73}},"4":{"start":{"line":7,"column":0},"end":{"line":9,"column":2}},"5":{"start":{"line":8,"column":2},"end":{"line":8,"column":47}},"6":{"start":{"line":12,"column":0},"end":{"line":14,"column":2}},"7":{"start":{"line":13,"column":2},"end":{"line":13,"column":46}},"8":{"start":{"line":17,"column":0},"end":{"line":19,"column":2}},"9":{"start":{"line":18,"column":2},"end":{"line":18,"column":43}},"10":{"start":{"line":22,"column":0},"end":{"line":24,"column":2}},"11":{"start":{"line":23,"column":2},"end":{"line":23,"column":39}},"12":{"start":{"line":27,"column":0},"end":{"line":29,"column":2}},"13":{"start":{"line":28,"column":2},"end":{"line":28,"column":42}},"14":{"start":{"line":31,"column":0},"end":{"line":31,"column":24}}},"fnMap":{"0":{"name":"(anonymous_0)","decl":{"start":{"line":7,"column":23},"end":{"line":7,"column":24}},"loc":{"start":{"line":8,"column":2},"end":{"line":8,"column":47}},"line":8},"1":{"name":"(anonymous_1)","decl":{"start":{"line":12,"column":22},"end":{"line":12,"column":23}},"loc":{"start":{"line":13,"column":2},"end":{"line":13,"column":46}},"line":13},"2":{"name":"(anonymous_2)","decl":{"start":{"line":17,"column":27},"end":{"line":17,"column":28}},"loc":{"start":{"line":18,"column":2},"end":{"line":18,"column":43}},"line":18},"3":{"name":"(anonymous_3)","decl":{"start":{"line":22,"column":34},"end":{"line":22,"column":35}},"loc":{"start":{"line":23,"column":2},"end":{"line":23,"column":39}},"line":23},"4":{"name":"(anonymous_4)","decl":{"start":{"line":27,"column":37},"end":{"line":27,"column":38}},"loc":{"start":{"line":28,"column":2},"end":{"line":28,"column":42}},"line":28}},"branchMap":{},"s":{"0":1,"1":1,"2":1,"3":1,"4":1,"5":6,"6":1,"7":6,"8":1,"9":1,"10":1,"11":2,"12":1,"13":2,"14":1},"f":{"0":6,"1":6,"2":1,"3":2,"4":2},"b":{},"_coverageSchema":"1a1c01bbd47fc00a2c39e90264f33305004495a9","hash":"c59b154ae041103116f85790700853d22fad2303","contentHash":"5df3047b245cdd0b1b49c5f7b1c030dad17a55e29d7fef2af4e37df12fee017e"},"/Users/saqlain-haider/Desktop/desk/Training Codes/training-social-app/controllers/moderatorController.js":{"path":"/Users/saqlain-haider/Desktop/desk/Training Codes/training-social-app/controllers/moderatorController.js","statementMap":{"0":{"start":{"line":1,"column":18},"end":{"line":1,"column":48}},"1":{"start":{"line":2,"column":13},"end":{"line":2,"column":38}},"2":{"start":{"line":3,"column":15},"end":{"line":3,"column":32}},"3":{"start":{"line":4,"column":12},"end":{"line":4,"column":35}},"4":{"start":{"line":5,"column":17},"end":{"line":5,"column":36}},"5":{"start":{"line":7,"column":24},"end":{"line":39,"column":1}},"6":{"start":{"line":8,"column":2},"end":{"line":38,"column":3}},"7":{"start":{"line":9,"column":25},"end":{"line":9,"column":33}},"8":{"start":{"line":10,"column":4},"end":{"line":35,"column":5}},"9":{"start":{"line":12,"column":55},"end":{"line":12,"column":63}},"10":{"start":{"line":13,"column":19},"end":{"line":13,"column":60}},"11":{"start":{"line":15,"column":6},"end":{"line":32,"column":7}},"12":{"start":{"line":16,"column":8},"end":{"line":16,"column":66}},"13":{"start":{"line":19,"column":8},"end":{"line":19,"column":52}},"14":{"start":{"line":20,"column":22},"end":{"line":25,"column":10}},"15":{"start":{"line":26,"column":8},"end":{"line":31,"column":11}},"16":{"start":{"line":27,"column":10},"end":{"line":30,"column":13}},"17":{"start":{"line":34,"column":6},"end":{"line":34,"column":44}},"18":{"start":{"line":37,"column":4},"end":{"line":37,"column":56}},"19":{"start":{"line":41,"column":23},"end":{"line":77,"column":1}},"20":{"start":{"line":42,"column":30},"end":{"line":42,"column":38}},"21":{"start":{"line":44,"column":2},"end":{"line":76,"column":3}},"22":{"start":{"line":45,"column":17},"end":{"line":45,"column":58}},"23":{"start":{"line":46,"column":4},"end":{"line":73,"column":5}},"24":{"start":{"line":47,"column":21},"end":{"line":70,"column":7}},"25":{"start":{"line":51,"column":10},"end":{"line":53,"column":11}},"26":{"start":{"line":52,"column":12},"end":{"line":52,"column":22}},"27":{"start":{"line":54,"column":10},"end":{"line":68,"column":11}},"28":{"start":{"line":55,"column":26},"end":{"line":62,"column":13}},"29":{"start":{"line":63,"column":12},"end":{"line":65,"column":65}},"30":{"start":{"line":67,"column":12},"end":{"line":67,"column":69}},"31":{"start":{"line":72,"column":6},"end":{"line":72,"column":58}},"32":{"start":{"line":75,"column":4},"end":{"line":75,"column":56}},"33":{"start":{"line":78,"column":20},"end":{"line":106,"column":1}},"34":{"start":{"line":79,"column":2},"end":{"line":105,"column":3}},"35":{"start":{"line":82,"column":22},"end":{"line":82,"column":47}},"36":{"start":{"line":83,"column":19},"end":{"line":83,"column":50}},"37":{"start":{"line":84,"column":21},"end":{"line":84,"column":49}},"38":{"start":{"line":85,"column":19},"end":{"line":85,"column":38}},"39":{"start":{"line":86,"column":16},"end":{"line":89,"column":22}},"40":{"start":{"line":90,"column":21},"end":{"line":92,"column":14}},"41":{"start":{"line":93,"column":4},"end":{"line":101,"column":7}},"42":{"start":{"line":104,"column":4},"end":{"line":104,"column":56}},"43":{"start":{"line":107,"column":16},"end":{"line":124,"column":1}},"44":{"start":{"line":108,"column":2},"end":{"line":123,"column":3}},"45":{"start":{"line":109,"column":23},"end":{"line":109,"column":33}},"46":{"start":{"line":110,"column":23},"end":{"line":110,"column":43}},"47":{"start":{"line":111,"column":22},"end":{"line":111,"column":41}},"48":{"start":{"line":113,"column":17},"end":{"line":113,"column":44}},"49":{"start":{"line":114,"column":4},"end":{"line":120,"column":5}},"50":{"start":{"line":115,"column":6},"end":{"line":117,"column":9}},"51":{"start":{"line":119,"column":6},"end":{"line":119,"column":40}},"52":{"start":{"line":122,"column":4},"end":{"line":122,"column":51}},"53":{"start":{"line":125,"column":19},"end":{"line":144,"column":1}},"54":{"start":{"line":126,"column":2},"end":{"line":143,"column":3}},"55":{"start":{"line":127,"column":23},"end":{"line":127,"column":33}},"56":{"start":{"line":128,"column":17},"end":{"line":128,"column":52}},"57":{"start":{"line":129,"column":4},"end":{"line":140,"column":5}},"58":{"start":{"line":131,"column":24},"end":{"line":133,"column":7}},"59":{"start":{"line":134,"column":6},"end":{"line":137,"column":9}},"60":{"start":{"line":139,"column":6},"end":{"line":139,"column":41}},"61":{"start":{"line":142,"column":4},"end":{"line":142,"column":56}},"62":{"start":{"line":145,"column":0},"end":{"line":151,"column":2}}},"fnMap":{"0":{"name":"(anonymous_0)","decl":{"start":{"line":7,"column":24},"end":{"line":7,"column":25}},"loc":{"start":{"line":7,"column":44},"end":{"line":39,"column":1}},"line":7},"1":{"name":"(anonymous_1)","decl":{"start":{"line":26,"column":28},"end":{"line":26,"column":29}},"loc":{"start":{"line":26,"column":38},"end":{"line":31,"column":9}},"line":26},"2":{"name":"(anonymous_2)","decl":{"start":{"line":41,"column":23},"end":{"line":41,"column":24}},"loc":{"start":{"line":41,"column":43},"end":{"line":77,"column":1}},"line":41},"3":{"name":"(anonymous_3)","decl":{"start":{"line":50,"column":8},"end":{"line":50,"column":9}},"loc":{"start":{"line":50,"column":31},"end":{"line":69,"column":9}},"line":50},"4":{"name":"(anonymous_4)","decl":{"start":{"line":78,"column":20},"end":{"line":78,"column":21}},"loc":{"start":{"line":78,"column":40},"end":{"line":106,"column":1}},"line":78},"5":{"name":"(anonymous_5)","decl":{"start":{"line":107,"column":16},"end":{"line":107,"column":17}},"loc":{"start":{"line":107,"column":36},"end":{"line":124,"column":1}},"line":107},"6":{"name":"(anonymous_6)","decl":{"start":{"line":125,"column":19},"end":{"line":125,"column":20}},"loc":{"start":{"line":125,"column":39},"end":{"line":144,"column":1}},"line":125}},"branchMap":{"0":{"loc":{"start":{"line":10,"column":4},"end":{"line":35,"column":5}},"type":"if","locations":[{"start":{"line":10,"column":4},"end":{"line":35,"column":5}},{"start":{"line":10,"column":4},"end":{"line":35,"column":5}}],"line":10},"1":{"loc":{"start":{"line":15,"column":6},"end":{"line":32,"column":7}},"type":"if","locations":[{"start":{"line":15,"column":6},"end":{"line":32,"column":7}},{"start":{"line":15,"column":6},"end":{"line":32,"column":7}}],"line":15},"2":{"loc":{"start":{"line":46,"column":4},"end":{"line":73,"column":5}},"type":"if","locations":[{"start":{"line":46,"column":4},"end":{"line":73,"column":5}},{"start":{"line":46,"column":4},"end":{"line":73,"column":5}}],"line":46},"3":{"loc":{"start":{"line":51,"column":10},"end":{"line":53,"column":11}},"type":"if","locations":[{"start":{"line":51,"column":10},"end":{"line":53,"column":11}},{"start":{"line":51,"column":10},"end":{"line":53,"column":11}}],"line":51},"4":{"loc":{"start":{"line":54,"column":10},"end":{"line":68,"column":11}},"type":"if","locations":[{"start":{"line":54,"column":10},"end":{"line":68,"column":11}},{"start":{"line":54,"column":10},"end":{"line":68,"column":11}}],"line":54},"5":{"loc":{"start":{"line":82,"column":22},"end":{"line":82,"column":47}},"type":"binary-expr","locations":[{"start":{"line":82,"column":22},"end":{"line":82,"column":41}},{"start":{"line":82,"column":45},"end":{"line":82,"column":47}}],"line":82},"6":{"loc":{"start":{"line":83,"column":19},"end":{"line":83,"column":50}},"type":"binary-expr","locations":[{"start":{"line":83,"column":19},"end":{"line":83,"column":35}},{"start":{"line":83,"column":39},"end":{"line":83,"column":50}}],"line":83},"7":{"loc":{"start":{"line":84,"column":21},"end":{"line":84,"column":49}},"type":"binary-expr","locations":[{"start":{"line":84,"column":21},"end":{"line":84,"column":43}},{"start":{"line":84,"column":47},"end":{"line":84,"column":49}}],"line":84},"8":{"loc":{"start":{"line":85,"column":19},"end":{"line":85,"column":38}},"type":"binary-expr","locations":[{"start":{"line":85,"column":19},"end":{"line":85,"column":33}},{"start":{"line":85,"column":37},"end":{"line":85,"column":38}}],"line":85},"9":{"loc":{"start":{"line":110,"column":23},"end":{"line":110,"column":43}},"type":"binary-expr","locations":[{"start":{"line":110,"column":23},"end":{"line":110,"column":38}},{"start":{"line":110,"column":42},"end":{"line":110,"column":43}}],"line":110},"10":{"loc":{"start":{"line":111,"column":22},"end":{"line":111,"column":41}},"type":"binary-expr","locations":[{"start":{"line":111,"column":22},"end":{"line":111,"column":36}},{"start":{"line":111,"column":40},"end":{"line":111,"column":41}}],"line":111},"11":{"loc":{"start":{"line":114,"column":4},"end":{"line":120,"column":5}},"type":"if","locations":[{"start":{"line":114,"column":4},"end":{"line":120,"column":5}},{"start":{"line":114,"column":4},"end":{"line":120,"column":5}}],"line":114},"12":{"loc":{"start":{"line":129,"column":4},"end":{"line":140,"column":5}},"type":"if","locations":[{"start":{"line":129,"column":4},"end":{"line":140,"column":5}},{"start":{"line":129,"column":4},"end":{"line":140,"column":5}}],"line":129}},"s":{"0":1,"1":1,"2":1,"3":1,"4":1,"5":1,"6":6,"7":6,"8":6,"9":5,"10":5,"11":5,"12":1,"13":4,"14":4,"15":4,"16":4,"17":1,"18":1,"19":1,"20":6,"21":6,"22":6,"23":6,"24":5,"25":5,"26":0,"27":5,"28":4,"29":4,"30":1,"31":1,"32":1,"33":1,"34":1,"35":1,"36":1,"37":1,"38":1,"39":1,"40":1,"41":1,"42":0,"43":1,"44":2,"45":2,"46":2,"47":2,"48":2,"49":2,"50":1,"51":1,"52":1,"53":1,"54":2,"55":2,"56":2,"57":2,"58":1,"59":1,"60":1,"61":1,"62":1},"f":{"0":6,"1":4,"2":6,"3":5,"4":1,"5":2,"6":2},"b":{"0":[5,1],"1":[1,4],"2":[5,1],"3":[0,5],"4":[4,1],"5":[1,1],"6":[1,1],"7":[1,1],"8":[1,1],"9":[2,2],"10":[2,2],"11":[1,1],"12":[1,1]},"_coverageSchema":"1a1c01bbd47fc00a2c39e90264f33305004495a9","hash":"59f0d3b778c015b074b2a427a5dc3d5b5a4875b4","contentHash":"3889f886b15035fc5823b86ec0438d767c8532e8b91ed4062ebe26491f58e475"},"/Users/saqlain-haider/Desktop/desk/Training Codes/training-social-app/models/Moderator.js":{"path":"/Users/saqlain-haider/Desktop/desk/Training Codes/training-social-app/models/Moderator.js","statementMap":{"0":{"start":{"line":1,"column":21},"end":{"line":1,"column":40}},"1":{"start":{"line":3,"column":24},"end":{"line":23,"column":2}},"2":{"start":{"line":24,"column":0},"end":{"line":24,"column":69}}},"fnMap":{},"branchMap":{},"s":{"0":1,"1":1,"2":1},"f":{},"b":{},"_coverageSchema":"1a1c01bbd47fc00a2c39e90264f33305004495a9","hash":"13ff5ffcde4f63d9ec09b4d0853033ef32d046f2","contentHash":"32f9987f3f88827ac6246f153935858155140312290080b82d3b69b63ac04bfa"},"/Users/saqlain-haider/Desktop/desk/Training Codes/training-social-app/test-data/test.data.js":{"path":"/Users/saqlain-haider/Desktop/desk/Training Codes/training-social-app/test-data/test.data.js","statementMap":{"0":{"start":{"line":1,"column":18},"end":{"line":6,"column":1}},"1":{"start":{"line":8,"column":19},"end":{"line":13,"column":1}},"2":{"start":{"line":15,"column":18},"end":{"line":15,"column":44}},"3":{"start":{"line":16,"column":18},"end":{"line":19,"column":1}},"4":{"start":{"line":20,"column":0},"end":{"line":25,"column":2}}},"fnMap":{},"branchMap":{},"s":{"0":1,"1":1,"2":1,"3":1,"4":1},"f":{},"b":{},"_coverageSchema":"1a1c01bbd47fc00a2c39e90264f33305004495a9","hash":"5c381f587b51850de69e6df46edc693a3ad58e6f","contentHash":"aa28f1fade0155f88db586ab1200b170b1661ec2d728992a46657896fba76daa"}}